[2022-06-06 15:37:12]-[DEBUG]-[main] io.netty.util.internal.logging.InternalLoggerFactory.newDefaultFactory(InternalLoggerFactory.java:45): Using SLF4J as the default logging framework
[2022-06-06 15:37:12]-[DEBUG]-[main] io.netty.channel.MultithreadEventLoopGroup.<clinit>(MultithreadEventLoopGroup.java:44): -Dio.netty.eventLoopThreads: 48
[2022-06-06 15:37:12]-[DEBUG]-[main] io.netty.util.internal.InternalThreadLocalMap.<clinit>(InternalThreadLocalMap.java:56): -Dio.netty.threadLocalMap.stringBuilder.initialSize: 1024
[2022-06-06 15:37:12]-[DEBUG]-[main] io.netty.util.internal.InternalThreadLocalMap.<clinit>(InternalThreadLocalMap.java:59): -Dio.netty.threadLocalMap.stringBuilder.maxSize: 4096
[2022-06-06 15:37:12]-[DEBUG]-[main] io.netty.channel.nio.NioEventLoop.<clinit>(NioEventLoop.java:106): -Dio.netty.noKeySetOptimization: false
[2022-06-06 15:37:12]-[DEBUG]-[main] io.netty.channel.nio.NioEventLoop.<clinit>(NioEventLoop.java:107): -Dio.netty.selectorAutoRebuildThreshold: 512
[2022-06-06 15:37:12]-[DEBUG]-[main] io.netty.util.internal.PlatformDependent.isWindows0(PlatformDependent.java:1015): Platform: Windows
[2022-06-06 15:37:12]-[DEBUG]-[main] io.netty.util.internal.PlatformDependent0.explicitNoUnsafeCause0(PlatformDependent0.java:408): -Dio.netty.noUnsafe: false
[2022-06-06 15:37:12]-[DEBUG]-[main] io.netty.util.internal.PlatformDependent0.javaVersion0(PlatformDependent0.java:876): Java version: 11
[2022-06-06 15:37:12]-[DEBUG]-[main] io.netty.util.internal.PlatformDependent0.<clinit>(PlatformDependent0.java:125): sun.misc.Unsafe.theUnsafe: available
[2022-06-06 15:37:12]-[DEBUG]-[main] io.netty.util.internal.PlatformDependent0.<clinit>(PlatformDependent0.java:149): sun.misc.Unsafe.copyMemory: available
[2022-06-06 15:37:12]-[DEBUG]-[main] io.netty.util.internal.PlatformDependent0.<clinit>(PlatformDependent0.java:187): java.nio.Buffer.address: available
[2022-06-06 15:37:12]-[DEBUG]-[main] io.netty.util.internal.PlatformDependent0.<clinit>(PlatformDependent0.java:261): direct buffer constructor: unavailable
java.lang.UnsupportedOperationException: Reflective setAccessible(true) disabled
	at io.netty.util.internal.ReflectionUtil.trySetAccessible(ReflectionUtil.java:31)
	at io.netty.util.internal.PlatformDependent0$4.run(PlatformDependent0.java:233)
	at java.base/java.security.AccessController.doPrivileged(Native Method)
	at io.netty.util.internal.PlatformDependent0.<clinit>(PlatformDependent0.java:227)
	at io.netty.util.internal.PlatformDependent.isAndroid(PlatformDependent.java:289)
	at io.netty.util.internal.PlatformDependent.<clinit>(PlatformDependent.java:92)
	at io.netty.channel.nio.NioEventLoop.newTaskQueue0(NioEventLoop.java:279)
	at io.netty.channel.nio.NioEventLoop.newTaskQueue(NioEventLoop.java:150)
	at io.netty.channel.nio.NioEventLoop.<init>(NioEventLoop.java:138)
	at io.netty.channel.nio.NioEventLoopGroup.newChild(NioEventLoopGroup.java:146)
	at io.netty.channel.nio.NioEventLoopGroup.newChild(NioEventLoopGroup.java:37)
	at io.netty.util.concurrent.MultithreadEventExecutorGroup.<init>(MultithreadEventExecutorGroup.java:84)
	at io.netty.util.concurrent.MultithreadEventExecutorGroup.<init>(MultithreadEventExecutorGroup.java:58)
	at io.netty.channel.MultithreadEventLoopGroup.<init>(MultithreadEventLoopGroup.java:52)
	at io.netty.channel.nio.NioEventLoopGroup.<init>(NioEventLoopGroup.java:96)
	at io.netty.channel.nio.NioEventLoopGroup.<init>(NioEventLoopGroup.java:91)
	at io.netty.channel.nio.NioEventLoopGroup.<init>(NioEventLoopGroup.java:72)
	at io.netty.channel.nio.NioEventLoopGroup.<init>(NioEventLoopGroup.java:52)
	at io.netty.MyNetty.serverMode(MyNetty.java:172)
	at java.base/jdk.internal.reflect.NativeMethodAccessorImpl.invoke0(Native Method)
	at java.base/jdk.internal.reflect.NativeMethodAccessorImpl.invoke(NativeMethodAccessorImpl.java:62)
	at java.base/jdk.internal.reflect.DelegatingMethodAccessorImpl.invoke(DelegatingMethodAccessorImpl.java:43)
	at java.base/java.lang.reflect.Method.invoke(Method.java:566)
	at org.junit.runners.model.FrameworkMethod$1.runReflectiveCall(FrameworkMethod.java:47)
	at org.junit.internal.runners.model.ReflectiveCallable.run(ReflectiveCallable.java:12)
	at org.junit.runners.model.FrameworkMethod.invokeExplosively(FrameworkMethod.java:44)
	at org.junit.internal.runners.statements.InvokeMethod.evaluate(InvokeMethod.java:17)
	at org.junit.runners.ParentRunner.runLeaf(ParentRunner.java:271)
	at org.junit.runners.BlockJUnit4ClassRunner.runChild(BlockJUnit4ClassRunner.java:70)
	at org.junit.runners.BlockJUnit4ClassRunner.runChild(BlockJUnit4ClassRunner.java:50)
	at org.junit.runners.ParentRunner$3.run(ParentRunner.java:238)
	at org.junit.runners.ParentRunner$1.schedule(ParentRunner.java:63)
	at org.junit.runners.ParentRunner.runChildren(ParentRunner.java:236)
	at org.junit.runners.ParentRunner.access$000(ParentRunner.java:53)
	at org.junit.runners.ParentRunner$2.evaluate(ParentRunner.java:229)
	at org.junit.runners.ParentRunner.run(ParentRunner.java:309)
	at org.junit.runner.JUnitCore.run(JUnitCore.java:160)
	at com.intellij.junit4.JUnit4IdeaTestRunner.startRunnerWithArgs(JUnit4IdeaTestRunner.java:69)
	at com.intellij.rt.junit.IdeaTestRunner$Repeater$1.execute(IdeaTestRunner.java:38)
	at com.intellij.rt.execution.junit.TestsRepeater.repeat(TestsRepeater.java:11)
	at com.intellij.rt.junit.IdeaTestRunner$Repeater.startRunnerWithArgs(IdeaTestRunner.java:35)
	at com.intellij.rt.junit.JUnitStarter.prepareStreamsAndStart(JUnitStarter.java:235)
	at com.intellij.rt.junit.JUnitStarter.main(JUnitStarter.java:54)
[2022-06-06 15:37:12]-[DEBUG]-[main] io.netty.util.internal.PlatformDependent0.<clinit>(PlatformDependent0.java:326): java.nio.Bits.unaligned: available, true
[2022-06-06 15:37:12]-[DEBUG]-[main] io.netty.util.internal.PlatformDependent0.<clinit>(PlatformDependent0.java:385): jdk.internal.misc.Unsafe.allocateUninitializedArray(int): unavailable
java.lang.IllegalAccessException: class io.netty.util.internal.PlatformDependent0$6 cannot access class jdk.internal.misc.Unsafe (in module java.base) because module java.base does not export jdk.internal.misc to unnamed module @24313fcc
	at java.base/jdk.internal.reflect.Reflection.newIllegalAccessException(Reflection.java:361)
	at java.base/java.lang.reflect.AccessibleObject.checkAccess(AccessibleObject.java:591)
	at java.base/java.lang.reflect.Method.invoke(Method.java:558)
	at io.netty.util.internal.PlatformDependent0$6.run(PlatformDependent0.java:347)
	at java.base/java.security.AccessController.doPrivileged(Native Method)
	at io.netty.util.internal.PlatformDependent0.<clinit>(PlatformDependent0.java:338)
	at io.netty.util.internal.PlatformDependent.isAndroid(PlatformDependent.java:289)
	at io.netty.util.internal.PlatformDependent.<clinit>(PlatformDependent.java:92)
	at io.netty.channel.nio.NioEventLoop.newTaskQueue0(NioEventLoop.java:279)
	at io.netty.channel.nio.NioEventLoop.newTaskQueue(NioEventLoop.java:150)
	at io.netty.channel.nio.NioEventLoop.<init>(NioEventLoop.java:138)
	at io.netty.channel.nio.NioEventLoopGroup.newChild(NioEventLoopGroup.java:146)
	at io.netty.channel.nio.NioEventLoopGroup.newChild(NioEventLoopGroup.java:37)
	at io.netty.util.concurrent.MultithreadEventExecutorGroup.<init>(MultithreadEventExecutorGroup.java:84)
	at io.netty.util.concurrent.MultithreadEventExecutorGroup.<init>(MultithreadEventExecutorGroup.java:58)
	at io.netty.channel.MultithreadEventLoopGroup.<init>(MultithreadEventLoopGroup.java:52)
	at io.netty.channel.nio.NioEventLoopGroup.<init>(NioEventLoopGroup.java:96)
	at io.netty.channel.nio.NioEventLoopGroup.<init>(NioEventLoopGroup.java:91)
	at io.netty.channel.nio.NioEventLoopGroup.<init>(NioEventLoopGroup.java:72)
	at io.netty.channel.nio.NioEventLoopGroup.<init>(NioEventLoopGroup.java:52)
	at io.netty.MyNetty.serverMode(MyNetty.java:172)
	at java.base/jdk.internal.reflect.NativeMethodAccessorImpl.invoke0(Native Method)
	at java.base/jdk.internal.reflect.NativeMethodAccessorImpl.invoke(NativeMethodAccessorImpl.java:62)
	at java.base/jdk.internal.reflect.DelegatingMethodAccessorImpl.invoke(DelegatingMethodAccessorImpl.java:43)
	at java.base/java.lang.reflect.Method.invoke(Method.java:566)
	at org.junit.runners.model.FrameworkMethod$1.runReflectiveCall(FrameworkMethod.java:47)
	at org.junit.internal.runners.model.ReflectiveCallable.run(ReflectiveCallable.java:12)
	at org.junit.runners.model.FrameworkMethod.invokeExplosively(FrameworkMethod.java:44)
	at org.junit.internal.runners.statements.InvokeMethod.evaluate(InvokeMethod.java:17)
	at org.junit.runners.ParentRunner.runLeaf(ParentRunner.java:271)
	at org.junit.runners.BlockJUnit4ClassRunner.runChild(BlockJUnit4ClassRunner.java:70)
	at org.junit.runners.BlockJUnit4ClassRunner.runChild(BlockJUnit4ClassRunner.java:50)
	at org.junit.runners.ParentRunner$3.run(ParentRunner.java:238)
	at org.junit.runners.ParentRunner$1.schedule(ParentRunner.java:63)
	at org.junit.runners.ParentRunner.runChildren(ParentRunner.java:236)
	at org.junit.runners.ParentRunner.access$000(ParentRunner.java:53)
	at org.junit.runners.ParentRunner$2.evaluate(ParentRunner.java:229)
	at org.junit.runners.ParentRunner.run(ParentRunner.java:309)
	at org.junit.runner.JUnitCore.run(JUnitCore.java:160)
	at com.intellij.junit4.JUnit4IdeaTestRunner.startRunnerWithArgs(JUnit4IdeaTestRunner.java:69)
	at com.intellij.rt.junit.IdeaTestRunner$Repeater$1.execute(IdeaTestRunner.java:38)
	at com.intellij.rt.execution.junit.TestsRepeater.repeat(TestsRepeater.java:11)
	at com.intellij.rt.junit.IdeaTestRunner$Repeater.startRunnerWithArgs(IdeaTestRunner.java:35)
	at com.intellij.rt.junit.JUnitStarter.prepareStreamsAndStart(JUnitStarter.java:235)
	at com.intellij.rt.junit.JUnitStarter.main(JUnitStarter.java:54)
[2022-06-06 15:37:12]-[DEBUG]-[main] io.netty.util.internal.PlatformDependent0.<clinit>(PlatformDependent0.java:398): java.nio.DirectByteBuffer.<init>(long, int): unavailable
[2022-06-06 15:37:12]-[DEBUG]-[main] io.netty.util.internal.PlatformDependent.unsafeUnavailabilityCause0(PlatformDependent.java:1058): sun.misc.Unsafe: available
[2022-06-06 15:37:12]-[DEBUG]-[main] io.netty.util.internal.PlatformDependent.maxDirectMemory0(PlatformDependent.java:1158): maxDirectMemory: 8560574464 bytes (maybe)
[2022-06-06 15:37:12]-[DEBUG]-[main] io.netty.util.internal.PlatformDependent.tmpdir0(PlatformDependent.java:1177): -Dio.netty.tmpdir: C:\Users\11931\AppData\Local\Temp (java.io.tmpdir)
[2022-06-06 15:37:12]-[DEBUG]-[main] io.netty.util.internal.PlatformDependent.bitMode0(PlatformDependent.java:1256): -Dio.netty.bitMode: 64 (sun.arch.data.model)
[2022-06-06 15:37:12]-[DEBUG]-[main] io.netty.util.internal.PlatformDependent.<clinit>(PlatformDependent.java:177): -Dio.netty.maxDirectMemory: -1 bytes
[2022-06-06 15:37:12]-[DEBUG]-[main] io.netty.util.internal.PlatformDependent.<clinit>(PlatformDependent.java:184): -Dio.netty.uninitializedArrayAllocationThreshold: -1
[2022-06-06 15:37:12]-[DEBUG]-[main] io.netty.util.internal.CleanerJava9.<clinit>(CleanerJava9.java:71): java.nio.ByteBuffer.cleaner(): available
[2022-06-06 15:37:12]-[DEBUG]-[main] io.netty.util.internal.PlatformDependent.<clinit>(PlatformDependent.java:204): -Dio.netty.noPreferDirect: false
[2022-06-06 15:37:12]-[DEBUG]-[main] io.netty.util.internal.PlatformDependent$Mpsc.<clinit>(PlatformDependent.java:919): org.jctools-core.MpscChunkedArrayQueue: available
[2022-06-06 15:37:12]-[DEBUG]-[main] io.netty.channel.DefaultChannelId.<clinit>(DefaultChannelId.java:79): -Dio.netty.processId: 22324 (auto-detected)
[2022-06-06 15:37:12]-[DEBUG]-[main] io.netty.util.NetUtil.<clinit>(NetUtil.java:139): -Djava.net.preferIPv4Stack: false
[2022-06-06 15:37:12]-[DEBUG]-[main] io.netty.util.NetUtil.<clinit>(NetUtil.java:140): -Djava.net.preferIPv6Addresses: false
[2022-06-06 15:37:13]-[DEBUG]-[main] io.netty.util.NetUtil.<clinit>(NetUtil.java:224): Loopback interface: lo (Software Loopback Interface 1, 127.0.0.1)
[2022-06-06 15:37:13]-[DEBUG]-[main] io.netty.util.NetUtil$1.run(NetUtil.java:289): Failed to get SOMAXCONN from sysctl and file \proc\sys\net\core\somaxconn. Default: 200
[2022-06-06 15:37:13]-[DEBUG]-[main] io.netty.channel.DefaultChannelId.<clinit>(DefaultChannelId.java:101): -Dio.netty.machineId: 00:50:56:ff:fe:c0:00:08 (auto-detected)
[2022-06-06 15:37:13]-[DEBUG]-[main] io.netty.util.ResourceLeakDetector.<clinit>(ResourceLeakDetector.java:130): -Dio.netty.leakDetection.level: simple
[2022-06-06 15:37:13]-[DEBUG]-[main] io.netty.util.ResourceLeakDetector.<clinit>(ResourceLeakDetector.java:131): -Dio.netty.leakDetection.targetRecords: 4
[2022-06-06 15:37:13]-[DEBUG]-[main] io.netty.buffer.PooledByteBufAllocator.<clinit>(PooledByteBufAllocator.java:156): -Dio.netty.allocator.numHeapArenas: 48
[2022-06-06 15:37:13]-[DEBUG]-[main] io.netty.buffer.PooledByteBufAllocator.<clinit>(PooledByteBufAllocator.java:157): -Dio.netty.allocator.numDirectArenas: 48
[2022-06-06 15:37:13]-[DEBUG]-[main] io.netty.buffer.PooledByteBufAllocator.<clinit>(PooledByteBufAllocator.java:159): -Dio.netty.allocator.pageSize: 8192
[2022-06-06 15:37:13]-[DEBUG]-[main] io.netty.buffer.PooledByteBufAllocator.<clinit>(PooledByteBufAllocator.java:164): -Dio.netty.allocator.maxOrder: 11
[2022-06-06 15:37:13]-[DEBUG]-[main] io.netty.buffer.PooledByteBufAllocator.<clinit>(PooledByteBufAllocator.java:168): -Dio.netty.allocator.chunkSize: 16777216
[2022-06-06 15:37:13]-[DEBUG]-[main] io.netty.buffer.PooledByteBufAllocator.<clinit>(PooledByteBufAllocator.java:169): -Dio.netty.allocator.tinyCacheSize: 512
[2022-06-06 15:37:13]-[DEBUG]-[main] io.netty.buffer.PooledByteBufAllocator.<clinit>(PooledByteBufAllocator.java:170): -Dio.netty.allocator.smallCacheSize: 256
[2022-06-06 15:37:13]-[DEBUG]-[main] io.netty.buffer.PooledByteBufAllocator.<clinit>(PooledByteBufAllocator.java:171): -Dio.netty.allocator.normalCacheSize: 64
[2022-06-06 15:37:13]-[DEBUG]-[main] io.netty.buffer.PooledByteBufAllocator.<clinit>(PooledByteBufAllocator.java:172): -Dio.netty.allocator.maxCachedBufferCapacity: 32768
[2022-06-06 15:37:13]-[DEBUG]-[main] io.netty.buffer.PooledByteBufAllocator.<clinit>(PooledByteBufAllocator.java:173): -Dio.netty.allocator.cacheTrimInterval: 8192
[2022-06-06 15:37:13]-[DEBUG]-[main] io.netty.buffer.PooledByteBufAllocator.<clinit>(PooledByteBufAllocator.java:174): -Dio.netty.allocator.cacheTrimIntervalMillis: 0
[2022-06-06 15:37:13]-[DEBUG]-[main] io.netty.buffer.PooledByteBufAllocator.<clinit>(PooledByteBufAllocator.java:175): -Dio.netty.allocator.useCacheForAllThreads: true
[2022-06-06 15:37:13]-[DEBUG]-[main] io.netty.buffer.PooledByteBufAllocator.<clinit>(PooledByteBufAllocator.java:176): -Dio.netty.allocator.maxCachedByteBuffersPerChunk: 1023
[2022-06-06 15:37:13]-[DEBUG]-[main] io.netty.buffer.ByteBufUtil.<clinit>(ByteBufUtil.java:86): -Dio.netty.allocator.type: pooled
[2022-06-06 15:37:13]-[DEBUG]-[main] io.netty.buffer.ByteBufUtil.<clinit>(ByteBufUtil.java:95): -Dio.netty.threadLocalDirectBufferSize: 0
[2022-06-06 15:37:13]-[DEBUG]-[main] io.netty.buffer.ByteBufUtil.<clinit>(ByteBufUtil.java:98): -Dio.netty.maxThreadLocalCharBufferSize: 16384
[2022-06-06 15:37:13]-[DEBUG]-[main] io.netty.util.Recycler.<clinit>(Recycler.java:97): -Dio.netty.recycler.maxCapacityPerThread: 4096
[2022-06-06 15:37:13]-[DEBUG]-[main] io.netty.util.Recycler.<clinit>(Recycler.java:98): -Dio.netty.recycler.maxSharedCapacityFactor: 2
[2022-06-06 15:37:13]-[DEBUG]-[main] io.netty.util.Recycler.<clinit>(Recycler.java:99): -Dio.netty.recycler.linkCapacity: 16
[2022-06-06 15:37:13]-[DEBUG]-[main] io.netty.util.Recycler.<clinit>(Recycler.java:100): -Dio.netty.recycler.ratio: 8
[2022-06-06 15:37:13]-[DEBUG]-[main] io.netty.buffer.AbstractByteBuf.<clinit>(AbstractByteBuf.java:63): -Dio.netty.buffer.checkAccessible: true
[2022-06-06 15:37:13]-[DEBUG]-[main] io.netty.buffer.AbstractByteBuf.<clinit>(AbstractByteBuf.java:64): -Dio.netty.buffer.checkBounds: true
[2022-06-06 15:37:13]-[DEBUG]-[main] io.netty.util.ResourceLeakDetectorFactory$DefaultResourceLeakDetectorFactory.newResourceLeakDetector(ResourceLeakDetectorFactory.java:195): Loaded default ResourceLeakDetector: io.netty.util.ResourceLeakDetector@387a8303
[2022-06-06 15:37:37]-[DEBUG]-[main] io.netty.util.internal.logging.InternalLoggerFactory.newDefaultFactory(InternalLoggerFactory.java:45): Using SLF4J as the default logging framework
[2022-06-06 15:37:37]-[DEBUG]-[main] io.netty.util.ResourceLeakDetector.<clinit>(ResourceLeakDetector.java:130): -Dio.netty.leakDetection.level: simple
[2022-06-06 15:37:37]-[DEBUG]-[main] io.netty.util.ResourceLeakDetector.<clinit>(ResourceLeakDetector.java:131): -Dio.netty.leakDetection.targetRecords: 4
[2022-06-06 15:37:37]-[DEBUG]-[main] io.netty.util.internal.PlatformDependent.isWindows0(PlatformDependent.java:1015): Platform: Windows
[2022-06-06 15:37:37]-[DEBUG]-[main] io.netty.util.internal.PlatformDependent0.explicitNoUnsafeCause0(PlatformDependent0.java:408): -Dio.netty.noUnsafe: false
[2022-06-06 15:37:37]-[DEBUG]-[main] io.netty.util.internal.PlatformDependent0.javaVersion0(PlatformDependent0.java:876): Java version: 11
[2022-06-06 15:37:37]-[DEBUG]-[main] io.netty.util.internal.PlatformDependent0.<clinit>(PlatformDependent0.java:125): sun.misc.Unsafe.theUnsafe: available
[2022-06-06 15:37:37]-[DEBUG]-[main] io.netty.util.internal.PlatformDependent0.<clinit>(PlatformDependent0.java:149): sun.misc.Unsafe.copyMemory: available
[2022-06-06 15:37:37]-[DEBUG]-[main] io.netty.util.internal.PlatformDependent0.<clinit>(PlatformDependent0.java:187): java.nio.Buffer.address: available
[2022-06-06 15:37:37]-[DEBUG]-[main] io.netty.util.internal.PlatformDependent0.<clinit>(PlatformDependent0.java:261): direct buffer constructor: unavailable
java.lang.UnsupportedOperationException: Reflective setAccessible(true) disabled
	at io.netty.util.internal.ReflectionUtil.trySetAccessible(ReflectionUtil.java:31)
	at io.netty.util.internal.PlatformDependent0$4.run(PlatformDependent0.java:233)
	at java.base/java.security.AccessController.doPrivileged(Native Method)
	at io.netty.util.internal.PlatformDependent0.<clinit>(PlatformDependent0.java:227)
	at io.netty.util.internal.PlatformDependent.isAndroid(PlatformDependent.java:289)
	at io.netty.util.internal.PlatformDependent.<clinit>(PlatformDependent.java:92)
	at io.netty.buffer.PooledByteBufAllocator.<clinit>(PooledByteBufAllocator.java:111)
	at io.netty.MyNetty.myBytebuf(MyNetty.java:49)
	at java.base/jdk.internal.reflect.NativeMethodAccessorImpl.invoke0(Native Method)
	at java.base/jdk.internal.reflect.NativeMethodAccessorImpl.invoke(NativeMethodAccessorImpl.java:62)
	at java.base/jdk.internal.reflect.DelegatingMethodAccessorImpl.invoke(DelegatingMethodAccessorImpl.java:43)
	at java.base/java.lang.reflect.Method.invoke(Method.java:566)
	at org.junit.runners.model.FrameworkMethod$1.runReflectiveCall(FrameworkMethod.java:47)
	at org.junit.internal.runners.model.ReflectiveCallable.run(ReflectiveCallable.java:12)
	at org.junit.runners.model.FrameworkMethod.invokeExplosively(FrameworkMethod.java:44)
	at org.junit.internal.runners.statements.InvokeMethod.evaluate(InvokeMethod.java:17)
	at org.junit.runners.ParentRunner.runLeaf(ParentRunner.java:271)
	at org.junit.runners.BlockJUnit4ClassRunner.runChild(BlockJUnit4ClassRunner.java:70)
	at org.junit.runners.BlockJUnit4ClassRunner.runChild(BlockJUnit4ClassRunner.java:50)
	at org.junit.runners.ParentRunner$3.run(ParentRunner.java:238)
	at org.junit.runners.ParentRunner$1.schedule(ParentRunner.java:63)
	at org.junit.runners.ParentRunner.runChildren(ParentRunner.java:236)
	at org.junit.runners.ParentRunner.access$000(ParentRunner.java:53)
	at org.junit.runners.ParentRunner$2.evaluate(ParentRunner.java:229)
	at org.junit.runners.ParentRunner.run(ParentRunner.java:309)
	at org.junit.runner.JUnitCore.run(JUnitCore.java:160)
	at com.intellij.junit4.JUnit4IdeaTestRunner.startRunnerWithArgs(JUnit4IdeaTestRunner.java:69)
	at com.intellij.rt.junit.IdeaTestRunner$Repeater$1.execute(IdeaTestRunner.java:38)
	at com.intellij.rt.execution.junit.TestsRepeater.repeat(TestsRepeater.java:11)
	at com.intellij.rt.junit.IdeaTestRunner$Repeater.startRunnerWithArgs(IdeaTestRunner.java:35)
	at com.intellij.rt.junit.JUnitStarter.prepareStreamsAndStart(JUnitStarter.java:235)
	at com.intellij.rt.junit.JUnitStarter.main(JUnitStarter.java:54)
[2022-06-06 15:37:37]-[DEBUG]-[main] io.netty.util.internal.PlatformDependent0.<clinit>(PlatformDependent0.java:326): java.nio.Bits.unaligned: available, true
[2022-06-06 15:37:37]-[DEBUG]-[main] io.netty.util.internal.PlatformDependent0.<clinit>(PlatformDependent0.java:385): jdk.internal.misc.Unsafe.allocateUninitializedArray(int): unavailable
java.lang.IllegalAccessException: class io.netty.util.internal.PlatformDependent0$6 cannot access class jdk.internal.misc.Unsafe (in module java.base) because module java.base does not export jdk.internal.misc to unnamed module @411f53a0
	at java.base/jdk.internal.reflect.Reflection.newIllegalAccessException(Reflection.java:361)
	at java.base/java.lang.reflect.AccessibleObject.checkAccess(AccessibleObject.java:591)
	at java.base/java.lang.reflect.Method.invoke(Method.java:558)
	at io.netty.util.internal.PlatformDependent0$6.run(PlatformDependent0.java:347)
	at java.base/java.security.AccessController.doPrivileged(Native Method)
	at io.netty.util.internal.PlatformDependent0.<clinit>(PlatformDependent0.java:338)
	at io.netty.util.internal.PlatformDependent.isAndroid(PlatformDependent.java:289)
	at io.netty.util.internal.PlatformDependent.<clinit>(PlatformDependent.java:92)
	at io.netty.buffer.PooledByteBufAllocator.<clinit>(PooledByteBufAllocator.java:111)
	at io.netty.MyNetty.myBytebuf(MyNetty.java:49)
	at java.base/jdk.internal.reflect.NativeMethodAccessorImpl.invoke0(Native Method)
	at java.base/jdk.internal.reflect.NativeMethodAccessorImpl.invoke(NativeMethodAccessorImpl.java:62)
	at java.base/jdk.internal.reflect.DelegatingMethodAccessorImpl.invoke(DelegatingMethodAccessorImpl.java:43)
	at java.base/java.lang.reflect.Method.invoke(Method.java:566)
	at org.junit.runners.model.FrameworkMethod$1.runReflectiveCall(FrameworkMethod.java:47)
	at org.junit.internal.runners.model.ReflectiveCallable.run(ReflectiveCallable.java:12)
	at org.junit.runners.model.FrameworkMethod.invokeExplosively(FrameworkMethod.java:44)
	at org.junit.internal.runners.statements.InvokeMethod.evaluate(InvokeMethod.java:17)
	at org.junit.runners.ParentRunner.runLeaf(ParentRunner.java:271)
	at org.junit.runners.BlockJUnit4ClassRunner.runChild(BlockJUnit4ClassRunner.java:70)
	at org.junit.runners.BlockJUnit4ClassRunner.runChild(BlockJUnit4ClassRunner.java:50)
	at org.junit.runners.ParentRunner$3.run(ParentRunner.java:238)
	at org.junit.runners.ParentRunner$1.schedule(ParentRunner.java:63)
	at org.junit.runners.ParentRunner.runChildren(ParentRunner.java:236)
	at org.junit.runners.ParentRunner.access$000(ParentRunner.java:53)
	at org.junit.runners.ParentRunner$2.evaluate(ParentRunner.java:229)
	at org.junit.runners.ParentRunner.run(ParentRunner.java:309)
	at org.junit.runner.JUnitCore.run(JUnitCore.java:160)
	at com.intellij.junit4.JUnit4IdeaTestRunner.startRunnerWithArgs(JUnit4IdeaTestRunner.java:69)
	at com.intellij.rt.junit.IdeaTestRunner$Repeater$1.execute(IdeaTestRunner.java:38)
	at com.intellij.rt.execution.junit.TestsRepeater.repeat(TestsRepeater.java:11)
	at com.intellij.rt.junit.IdeaTestRunner$Repeater.startRunnerWithArgs(IdeaTestRunner.java:35)
	at com.intellij.rt.junit.JUnitStarter.prepareStreamsAndStart(JUnitStarter.java:235)
	at com.intellij.rt.junit.JUnitStarter.main(JUnitStarter.java:54)
[2022-06-06 15:37:37]-[DEBUG]-[main] io.netty.util.internal.PlatformDependent0.<clinit>(PlatformDependent0.java:398): java.nio.DirectByteBuffer.<init>(long, int): unavailable
[2022-06-06 15:37:37]-[DEBUG]-[main] io.netty.util.internal.PlatformDependent.unsafeUnavailabilityCause0(PlatformDependent.java:1058): sun.misc.Unsafe: available
[2022-06-06 15:37:37]-[DEBUG]-[main] io.netty.util.internal.PlatformDependent.maxDirectMemory0(PlatformDependent.java:1158): maxDirectMemory: 8560574464 bytes (maybe)
[2022-06-06 15:37:37]-[DEBUG]-[main] io.netty.util.internal.PlatformDependent.tmpdir0(PlatformDependent.java:1177): -Dio.netty.tmpdir: C:\Users\11931\AppData\Local\Temp (java.io.tmpdir)
[2022-06-06 15:37:37]-[DEBUG]-[main] io.netty.util.internal.PlatformDependent.bitMode0(PlatformDependent.java:1256): -Dio.netty.bitMode: 64 (sun.arch.data.model)
[2022-06-06 15:37:37]-[DEBUG]-[main] io.netty.util.internal.PlatformDependent.<clinit>(PlatformDependent.java:177): -Dio.netty.maxDirectMemory: -1 bytes
[2022-06-06 15:37:37]-[DEBUG]-[main] io.netty.util.internal.PlatformDependent.<clinit>(PlatformDependent.java:184): -Dio.netty.uninitializedArrayAllocationThreshold: -1
[2022-06-06 15:37:37]-[DEBUG]-[main] io.netty.util.internal.CleanerJava9.<clinit>(CleanerJava9.java:71): java.nio.ByteBuffer.cleaner(): available
[2022-06-06 15:37:37]-[DEBUG]-[main] io.netty.util.internal.PlatformDependent.<clinit>(PlatformDependent.java:204): -Dio.netty.noPreferDirect: false
[2022-06-06 15:37:37]-[DEBUG]-[main] io.netty.buffer.PooledByteBufAllocator.<clinit>(PooledByteBufAllocator.java:156): -Dio.netty.allocator.numHeapArenas: 48
[2022-06-06 15:37:37]-[DEBUG]-[main] io.netty.buffer.PooledByteBufAllocator.<clinit>(PooledByteBufAllocator.java:157): -Dio.netty.allocator.numDirectArenas: 48
[2022-06-06 15:37:37]-[DEBUG]-[main] io.netty.buffer.PooledByteBufAllocator.<clinit>(PooledByteBufAllocator.java:159): -Dio.netty.allocator.pageSize: 8192
[2022-06-06 15:37:37]-[DEBUG]-[main] io.netty.buffer.PooledByteBufAllocator.<clinit>(PooledByteBufAllocator.java:164): -Dio.netty.allocator.maxOrder: 11
[2022-06-06 15:37:37]-[DEBUG]-[main] io.netty.buffer.PooledByteBufAllocator.<clinit>(PooledByteBufAllocator.java:168): -Dio.netty.allocator.chunkSize: 16777216
[2022-06-06 15:37:37]-[DEBUG]-[main] io.netty.buffer.PooledByteBufAllocator.<clinit>(PooledByteBufAllocator.java:169): -Dio.netty.allocator.tinyCacheSize: 512
[2022-06-06 15:37:37]-[DEBUG]-[main] io.netty.buffer.PooledByteBufAllocator.<clinit>(PooledByteBufAllocator.java:170): -Dio.netty.allocator.smallCacheSize: 256
[2022-06-06 15:37:37]-[DEBUG]-[main] io.netty.buffer.PooledByteBufAllocator.<clinit>(PooledByteBufAllocator.java:171): -Dio.netty.allocator.normalCacheSize: 64
[2022-06-06 15:37:37]-[DEBUG]-[main] io.netty.buffer.PooledByteBufAllocator.<clinit>(PooledByteBufAllocator.java:172): -Dio.netty.allocator.maxCachedBufferCapacity: 32768
[2022-06-06 15:37:37]-[DEBUG]-[main] io.netty.buffer.PooledByteBufAllocator.<clinit>(PooledByteBufAllocator.java:173): -Dio.netty.allocator.cacheTrimInterval: 8192
[2022-06-06 15:37:37]-[DEBUG]-[main] io.netty.buffer.PooledByteBufAllocator.<clinit>(PooledByteBufAllocator.java:174): -Dio.netty.allocator.cacheTrimIntervalMillis: 0
[2022-06-06 15:37:37]-[DEBUG]-[main] io.netty.buffer.PooledByteBufAllocator.<clinit>(PooledByteBufAllocator.java:175): -Dio.netty.allocator.useCacheForAllThreads: true
[2022-06-06 15:37:37]-[DEBUG]-[main] io.netty.buffer.PooledByteBufAllocator.<clinit>(PooledByteBufAllocator.java:176): -Dio.netty.allocator.maxCachedByteBuffersPerChunk: 1023
[2022-06-06 15:37:37]-[DEBUG]-[main] io.netty.util.internal.InternalThreadLocalMap.<clinit>(InternalThreadLocalMap.java:56): -Dio.netty.threadLocalMap.stringBuilder.initialSize: 1024
[2022-06-06 15:37:37]-[DEBUG]-[main] io.netty.util.internal.InternalThreadLocalMap.<clinit>(InternalThreadLocalMap.java:59): -Dio.netty.threadLocalMap.stringBuilder.maxSize: 4096
[2022-06-06 15:37:37]-[DEBUG]-[main] io.netty.util.Recycler.<clinit>(Recycler.java:97): -Dio.netty.recycler.maxCapacityPerThread: 4096
[2022-06-06 15:37:37]-[DEBUG]-[main] io.netty.util.Recycler.<clinit>(Recycler.java:98): -Dio.netty.recycler.maxSharedCapacityFactor: 2
[2022-06-06 15:37:37]-[DEBUG]-[main] io.netty.util.Recycler.<clinit>(Recycler.java:99): -Dio.netty.recycler.linkCapacity: 16
[2022-06-06 15:37:37]-[DEBUG]-[main] io.netty.util.Recycler.<clinit>(Recycler.java:100): -Dio.netty.recycler.ratio: 8
[2022-06-06 15:37:37]-[DEBUG]-[main] io.netty.buffer.AbstractByteBuf.<clinit>(AbstractByteBuf.java:63): -Dio.netty.buffer.checkAccessible: true
[2022-06-06 15:37:37]-[DEBUG]-[main] io.netty.buffer.AbstractByteBuf.<clinit>(AbstractByteBuf.java:64): -Dio.netty.buffer.checkBounds: true
[2022-06-06 15:37:37]-[DEBUG]-[main] io.netty.util.ResourceLeakDetectorFactory$DefaultResourceLeakDetectorFactory.newResourceLeakDetector(ResourceLeakDetectorFactory.java:195): Loaded default ResourceLeakDetector: io.netty.util.ResourceLeakDetector@2f54a33d
